<?xml version="1.0" encoding="UTF-8"?>
<testsuite xmlns:xsi="http://www.w3.org/2001/XMLSchema-instance" xsi:noNamespaceSchemaLocation="https://maven.apache.org/surefire/maven-surefire-plugin/xsd/surefire-test-report-3.0.xsd" version="3.0" name="com.trybe.java.regraprogressao.AppTest" time="1.9" tests="4" errors="0" skipped="0" failures="2">
  <properties>
[...]
</properties>
  <testcase name="1 - Cadastra as atividades avaliativas com sucesso." classname="com.trybe.java.regraprogressao.AppTest" time="1.747"/>
  <testcase name="2 - Insere as notas com sucesso." classname="com.trybe.java.regraprogressao.AppTest" time="0.015"/>
  <testcase name="4 - Emite o resultado correto quando há reprovação." classname="com.trybe.java.regraprogressao.AppTest" time="0.028">
    <failure type="org.opentest4j.AssertionFailedError"><![CDATA[org.opentest4j.AssertionFailedError: expected: <true> but was: <false>
	at com.trybe.java.regraprogressao.AppTest.testEmiteResultadoReprovado(AppTest.java:227)
]]></failure>
  </testcase>
  <testcase name="3 - Emite o resultado correto quando há aprovação." classname="com.trybe.java.regraprogressao.AppTest" time="0.014">
    <failure type="org.opentest4j.AssertionFailedError"><![CDATA[org.opentest4j.AssertionFailedError: expected: <true> but was: <false>
	at com.trybe.java.regraprogressao.AppTest.testEmiteResultadoAprovado(AppTest.java:188)
]]></failure>
  </testcase>
</testsuite>